 
New instance of bashtop version: 0.9.25 Pid: 1328026
 
New instance of bashtop version: 0.9.25 Pid: 2009921
 
New instance of bashtop version: 0.9.25 Pid: 1917931
 
New instance of bashtop version: 0.9.25 Pid: 1929608
 
New instance of bashtop version: 0.9.25 Pid: 74540
 
New instance of bashtop version: 0.9.25 Pid: 71583
01:54:02 PM ERROR: On line 4353 
 
New instance of bashtop version: 0.9.25 Pid: 128723
 
New instance of bashtop version: 0.9.25 Pid: 253169
 
New instance of bashtop version: 0.9.25 Pid: 1123831
 
New instance of bashtop version: 0.9.25 Pid: 98495
 
New instance of bashtop version: 0.9.25 Pid: 102714
 
New instance of bashtop version: 0.9.25 Pid: 112957
07:46:07 PM ERROR: On line 4353 
 
New instance of bashtop version: 0.9.25 Pid: 9692
 
New instance of bashtop version: 0.9.25 Pid: 6277
 
New instance of bashtop version: 0.9.25 Pid: 4686
 
New instance of bashtop version: 0.9.25 Pid: 1239388
 
New instance of bashtop version: 0.9.25 Pid: 542746
 
New instance of bashtop version: 0.9.25 Pid: 3971
07:51:34 AM ERROR: On line 4353 
07:51:34 AM ERROR: On line 4353 
stty: 'standard input': Input/output error
07:51:34 AM ERROR: On line 4356 
/usr/bin/bashtop: line 3570: echo: write error: Input/output error
07:51:34 AM ERROR: On line 3570 
07:51:34 AM ERROR: On line 4714 
stty: 'standard input': Input/output error
stty: 'standard input': Input/output error
07:51:34 AM ERROR: On line 659 
07:51:34 AM ERROR: On line 659 
/usr/bin/bashtop: line 660: ((: <80 | <24: syntax error: operand expected (error token is "<80 | <24")
/usr/bin/bashtop: line 664: echo: write error: Input/output error
07:51:34 AM ERROR: On line 664 
/usr/bin/bashtop: line 1126: echo: write error: Input/output error
07:51:34 AM ERROR: On line 1126 
07:51:34 AM ERROR: On line 665 
/usr/bin/bashtop: line 1968: echo: write error: Input/output error
07:51:34 AM ERROR: On line 1968 
07:51:34 AM ERROR: On line 666 
 
New instance of bashtop version: 0.9.25 Pid: 173316
 
New instance of bashtop version: 0.9.25 Pid: 215158
 
New instance of bashtop version: 0.9.25 Pid: 236521
 
New instance of bashtop version: 0.9.25 Pid: 276229
 
New instance of bashtop version: 0.9.25 Pid: 845910
 
New instance of bashtop version: 0.9.25 Pid: 849290
 
New instance of bashtop version: 0.9.25 Pid: 1125367
 
New instance of bashtop version: 0.9.25 Pid: 1383090
 
New instance of bashtop version: 0.9.25 Pid: 1387723
 
New instance of bashtop version: 0.9.25 Pid: 272948
 
New instance of bashtop version: 0.9.25 Pid: 2221391
 
New instance of bashtop version: 0.9.25 Pid: 12183
 
New instance of bashtop version: 0.9.25 Pid: 2039310
 
New instance of bashtop version: 0.9.25 Pid: 4142951
 
New instance of bashtop version: 0.9.25 Pid: 3987588
